Using pre-set license
Built from '2020.2/release' branch; Version is '2020.2.2f1 (068178b99f32) revision 426360'; Using compiler version '192528614'; Build Type 'Release'
OS: 'Windows 7  (6.1.0) 64bit' Language: 'ko' Physical Memory: 3970 MB
BatchMode: 1, IsHumanControllingUs: 0, StartBugReporterOnCrash: 0, Is64bit: 1, IsPro: 0

 COMMAND LINE ARGUMENTS:
C:\Program Files\Unity\Hub\Editor\2020.2.2f1\Editor\Unity.exe
-adb2
-batchMode
-noUpm
-name
AssetImportWorker5
-projectPath
C:/Users/user/Desktop/2d game/2d game
-logFile
Logs/AssetImportWorker5.log
-srvPort
56932
Successfully changed project path to: C:/Users/user/Desktop/2d game/2d game
C:/Users/user/Desktop/2d game/2d game
Using Asset Import Pipeline V2.
Refreshing native plugins compatible for Editor in 347.08 ms, found 2 plugins.
Preloading 0 native plugins for Editor in 0.00 ms.
Initialize engine version: 2020.2.2f1 (068178b99f32)
[Subsystems] Discovering subsystems at path C:/Program Files/Unity/Hub/Editor/2020.2.2f1/Editor/Data/Resources/UnitySubsystems
[Subsystems] Discovering subsystems at path C:/Users/user/Desktop/2d game/2d game/Assets
GfxDevice: creating device client; threaded=0
d3d11: CreateDXGIFactory2(...) not found, fallbacking to CreateDXGIFactory1(...).
d3d11: QueryInterface(IDXGIFactory5) failed (80004002).
Direct3D:
    Version:  Direct3D 11.0 [level 11.0]
    Renderer: NVIDIA NVS 5200M (ID=0x1140)
    Vendor:   
    VRAM:     969 MB
    Driver:   23.21.13.9135
Initialize mono
Mono path[0] = 'C:/Program Files/Unity/Hub/Editor/2020.2.2f1/Editor/Data/Managed'
Mono path[1] = 'C:/Program Files/Unity/Hub/Editor/2020.2.2f1/Editor/Data/MonoBleedingEdge/lib/mono/unityjit'
Mono config path = 'C:/Program Files/Unity/Hub/Editor/2020.2.2f1/Editor/Data/MonoBleedingEdge/etc'
Using monoOptions --debugger-agent=transport=dt_socket,embedding=1,server=y,suspend=n,address=127.0.0.1:56824
Begin MonoManager ReloadAssembly
Registering precompiled unity dll's ...
Register platform support module: C:/Program Files/Unity/Hub/Editor/2020.2.2f1/Editor/Data/PlaybackEngines/WindowsStandaloneSupport/UnityEditor.WindowsStandalone.Extensions.dll
Registered in 0.012509 seconds.
Native extension for WindowsStandalone target not found
Refreshing native plugins compatible for Editor in 304.44 ms, found 2 plugins.
Preloading 0 native plugins for Editor in 0.00 ms.
Invoked RoslynAnalysisRunner static constructor.
RoslynAnalysisRunner will not be running.
RoslynAnalysisRunner has terminated.
Mono: successfully reloaded assembly
- Completed reload, in  8.857 seconds
Platform modules already initialized, skipping
Registering precompiled user dll's ...
Registered in 0.082784 seconds.
Begin MonoManager ReloadAssembly
Native extension for WindowsStandalone target not found
Refreshing native plugins compatible for Editor in 322.19 ms, found 2 plugins.
Preloading 0 native plugins for Editor in 0.00 ms.
Invoked RoslynAnalysisRunner static constructor.
RoslynAnalysisRunner will not be running.
RoslynAnalysisRunner has terminated.
Mono: successfully reloaded assembly
- Completed reload, in  7.980 seconds
Platform modules already initialized, skipping
========================================================================
Worker process is ready to serve import requests
Launched and connected shader compiler UnityShaderCompiler.exe after 0.46 seconds
Refreshing native plugins compatible for Editor in 4.80 ms, found 2 plugins.
Preloading 0 native plugins for Editor in 0.00 ms.
Unloading 1808 Unused Serialized files (Serialized files now loaded: 0)
System memory in use before: 85.3 MB.
System memory in use after: 85.3 MB.

Unloading 40 unused Assets to reduce memory usage. Loaded Objects now: 2318.
Total: 35.865410 ms (FindLiveObjects: 3.383216 ms CreateObjectMapping: 3.239930 ms MarkObjects: 28.685302 ms  DeleteObjects: 0.550251 ms)

========================================================================
Received Import Request.
  path: Assets/art/Player_Jump/Anim_JUMP_14.png
  artifactKey: Guid(96f68eec275393a45811c53108f72a56) Importer(815301076,1909f56bfc062723c751e8b465ee728b)
Start importing Assets/art/Player_Jump/Anim_JUMP_14.png using Guid(96f68eec275393a45811c53108f72a56) Importer(815301076,1909f56bfc062723c751e8b465ee728b)  -> (artifact id: '59f973ba593ec99cee37dff431bc7575') in 5.745653 seconds
  Import took 5.864034 seconds .

========================================================================
Received Import Request.
  Time since last request: 0.000731 seconds.
  path: Assets/art/Player_Jump
  artifactKey: Guid(ae79255bb555db94bad6ba0256f7d277) Importer(815301076,1909f56bfc062723c751e8b465ee728b)
Start importing Assets/art/Player_Jump using Guid(ae79255bb555db94bad6ba0256f7d277) Importer(815301076,1909f56bfc062723c751e8b465ee728b)  -> (artifact id: '54224b8037630bd4380838ac51aff748') in 0.031404 seconds
  Import took 0.258470 seconds .

========================================================================
Received Import Request.
  Time since last request: 0.000668 seconds.
  path: Assets/art/Player_Jump/Anim_JUMP_10.png
  artifactKey: Guid(05a32051e4c640c4cb6f70eb68221ec0) Importer(815301076,1909f56bfc062723c751e8b465ee728b)
Start importing Assets/art/Player_Jump/Anim_JUMP_10.png using Guid(05a32051e4c640c4cb6f70eb68221ec0) Importer(815301076,1909f56bfc062723c751e8b465ee728b)  -> (artifact id: '21c5c233a9d074ca94742a77b9d107d5') in 0.773329 seconds
  Import took 0.783488 seconds .

========================================================================
Received Import Request.
  Time since last request: 0.000610 seconds.
  path: Assets/art/Player_Jump/Anim_JUMP_16.png
  artifactKey: Guid(99222f6a96ce85f4bb3acfc3985fe624) Importer(815301076,1909f56bfc062723c751e8b465ee728b)
Start importing Assets/art/Player_Jump/Anim_JUMP_16.png using Guid(99222f6a96ce85f4bb3acfc3985fe624) Importer(815301076,1909f56bfc062723c751e8b465ee728b)  -> (artifact id: 'd991150681c50a0f43322185d8f08578') in 0.708169 seconds
  Import took 0.818595 seconds .

========================================================================
Received Import Request.
  Time since last request: 0.000748 seconds.
  path: Assets/art/Player_Jump/Anim_JUMP_02.png
  artifactKey: Guid(0277e120406c12e4ba567d8ab9f9447e) Importer(815301076,1909f56bfc062723c751e8b465ee728b)
Start importing Assets/art/Player_Jump/Anim_JUMP_02.png using Guid(0277e120406c12e4ba567d8ab9f9447e) Importer(815301076,1909f56bfc062723c751e8b465ee728b)  -> (artifact id: '1fccee3f7f3ed2e9c0ec6c9b908387eb') in 1.073584 seconds
  Import took 1.128312 seconds .

========================================================================
Received Import Request.
  Time since last request: 0.000623 seconds.
  path: Assets/art/Player_Jump/Anim_JUMP_09.png
  artifactKey: Guid(a805da673d135ae488bb99545c3183b9) Importer(815301076,1909f56bfc062723c751e8b465ee728b)
Start importing Assets/art/Player_Jump/Anim_JUMP_09.png using Guid(a805da673d135ae488bb99545c3183b9) Importer(815301076,1909f56bfc062723c751e8b465ee728b)  -> (artifact id: '01750a1196bdb2f5ac9b93631da2a6f7') in 0.618793 seconds
  Import took 0.650118 seconds .

========================================================================
Received Import Request.
  Time since last request: 0.000651 seconds.
  path: Assets/art/Player_Jump/Anim_JUMP_07.png
  artifactKey: Guid(fb064ef111d7bfd4e9ff43e46f978ffc) Importer(815301076,1909f56bfc062723c751e8b465ee728b)
Start importing Assets/art/Player_Jump/Anim_JUMP_07.png using Guid(fb064ef111d7bfd4e9ff43e46f978ffc) Importer(815301076,1909f56bfc062723c751e8b465ee728b)  -> (artifact id: '5b1a1cba9ef3df98f8dc78e8377ee11b') in 0.658401 seconds
  Import took 0.669038 seconds .

========================================================================
Received Import Request.
  Time since last request: 0.001137 seconds.
  path: Assets/art/Player_Jump/Anim_JUMP_17.png
  artifactKey: Guid(48be028410739c042a8a3e396ab46851) Importer(815301076,1909f56bfc062723c751e8b465ee728b)
Start importing Assets/art/Player_Jump/Anim_JUMP_17.png using Guid(48be028410739c042a8a3e396ab46851) Importer(815301076,1909f56bfc062723c751e8b465ee728b)  -> (artifact id: '69ec3f9feb932a883b488e0aea3ce560') in 3.738511 seconds
  Import took 3.753127 seconds .

========================================================================
Received Import Request.
  Time since last request: 0.006295 seconds.
  path: Assets/art/Player_Jump/Anim_JUMP_01.png
  artifactKey: Guid(1e2942f5dc9c77a48854ce1441417e9f) Importer(815301076,1909f56bfc062723c751e8b465ee728b)
Start importing Assets/art/Player_Jump/Anim_JUMP_01.png using Guid(1e2942f5dc9c77a48854ce1441417e9f) Importer(815301076,1909f56bfc062723c751e8b465ee728b)  -> (artifact id: '9a08b6653e685f09d2e91f4a1c53a205') in 3.144279 seconds
  Import took 3.156318 seconds .

========================================================================
Received Import Request.
  Time since last request: 0.000615 seconds.
  path: Assets/art/Player_Jump/Anim_JUMP_08.png
  artifactKey: Guid(0fe98f94ec8238b4591324cbe1a1b67d) Importer(815301076,1909f56bfc062723c751e8b465ee728b)
Start importing Assets/art/Player_Jump/Anim_JUMP_08.png using Guid(0fe98f94ec8238b4591324cbe1a1b67d) Importer(815301076,1909f56bfc062723c751e8b465ee728b)  -> (artifact id: 'd3bf1a28efbc3adaf8d056a4962cb71a') in 2.547212 seconds
  Import took 2.876017 seconds .

========================================================================
Received Import Request.
  Time since last request: 0.006462 seconds.
  path: Assets/art/Player_Jump/Anim_JUMP_15.png
  artifactKey: Guid(a7ae05a9d771bda48b123b4294a42f2a) Importer(815301076,1909f56bfc062723c751e8b465ee728b)
Start importing Assets/art/Player_Jump/Anim_JUMP_15.png using Guid(a7ae05a9d771bda48b123b4294a42f2a) Importer(815301076,1909f56bfc062723c751e8b465ee728b)  -> (artifact id: 'f8dcc8220b38a1183ddaa9a4ca004c98') in 2.323393 seconds
  Import took 2.342889 seconds .

========================================================================
Received Import Request.
  Time since last request: 0.066811 seconds.
  path: Assets/art/Player_Jump/Anim_JUMP_04.png
  artifactKey: Guid(eb57f3b4785e76d459884f48e7de1803) Importer(815301076,1909f56bfc062723c751e8b465ee728b)
Start importing Assets/art/Player_Jump/Anim_JUMP_04.png using Guid(eb57f3b4785e76d459884f48e7de1803) Importer(815301076,1909f56bfc062723c751e8b465ee728b)  -> (artifact id: '49404ccbf1b22154d3779477f0e7853d') in 0.791306 seconds
  Import took 0.808072 seconds .

========================================================================
Received Import Request.
  Time since last request: 0.003190 seconds.
  path: Assets/art/Player_Jump/Anim_JUMP_03.png
  artifactKey: Guid(14b27e3e9243f9f4aab3d6f8f7061204) Importer(815301076,1909f56bfc062723c751e8b465ee728b)
Start importing Assets/art/Player_Jump/Anim_JUMP_03.png using Guid(14b27e3e9243f9f4aab3d6f8f7061204) Importer(815301076,1909f56bfc062723c751e8b465ee728b)  -> (artifact id: '528f605a328688091e9068a4bfc0502c') in 1.515652 seconds
  Import took 1.531351 seconds .

========================================================================
Received Import Request.
  Time since last request: 0.000927 seconds.
  path: Assets/art/Player_Jump/Anim_JUMP_06.png
  artifactKey: Guid(ff7abd0e265b3864388122063b803b8e) Importer(815301076,1909f56bfc062723c751e8b465ee728b)
Start importing Assets/art/Player_Jump/Anim_JUMP_06.png using Guid(ff7abd0e265b3864388122063b803b8e) Importer(815301076,1909f56bfc062723c751e8b465ee728b)  -> (artifact id: '43ab2d07a59ed1efc65fcabc3e3f80cb') in 1.728935 seconds
  Import took 1.763999 seconds .

========================================================================
Received Import Request.
  Time since last request: 0.003303 seconds.
  path: Assets/art/Player_Jump/Anim_JUMP_12.png
  artifactKey: Guid(35bfd312e86032b4599ddd14bcbaf228) Importer(815301076,1909f56bfc062723c751e8b465ee728b)
Start importing Assets/art/Player_Jump/Anim_JUMP_12.png using Guid(35bfd312e86032b4599ddd14bcbaf228) Importer(815301076,1909f56bfc062723c751e8b465ee728b)  -> (artifact id: 'd5b416d1e39f83373fb086eebc3926b2') in 1.133843 seconds
  Import took 1.168734 seconds .

========================================================================
Received Import Request.
  Time since last request: 0.001324 seconds.
  path: Assets/art/Player_Jump/Anim_JUMP_13.png
  artifactKey: Guid(c577195dd35a1674db131f4a056f83ab) Importer(815301076,1909f56bfc062723c751e8b465ee728b)
Start importing Assets/art/Player_Jump/Anim_JUMP_13.png using Guid(c577195dd35a1674db131f4a056f83ab) Importer(815301076,1909f56bfc062723c751e8b465ee728b)  -> (artifact id: 'f825687b98be13a26b32b26dd8b42c62') in 0.466995 seconds
  Import took 0.489371 seconds .

========================================================================
Received Import Request.
  Time since last request: 0.011720 seconds.
  path: Assets/art/Player_Jump/Anim_JUMP_05.png
  artifactKey: Guid(49e418702b42d224191da22738afcfd6) Importer(815301076,1909f56bfc062723c751e8b465ee728b)
Start importing Assets/art/Player_Jump/Anim_JUMP_05.png using Guid(49e418702b42d224191da22738afcfd6) Importer(815301076,1909f56bfc062723c751e8b465ee728b)  -> (artifact id: '6adce249a2741491ea1df4eea671e3f4') in 0.325354 seconds
  Import took 0.344264 seconds .

========================================================================
Received Import Request.
  Time since last request: 0.000598 seconds.
  path: Assets/macro/player.asset
  artifactKey: Guid(8673e889bffa49648b6f2b656983de56) Importer(815301076,1909f56bfc062723c751e8b465ee728b)
Start importing Assets/macro/player.asset using Guid(8673e889bffa49648b6f2b656983de56) Importer(815301076,1909f56bfc062723c751e8b465ee728b)  -> (artifact id: 'a0bbd21794651d7521b401c0e66a5f7d') in 5.506637 seconds
  Import took 5.593909 seconds .

========================================================================
Received Import Request.
  Time since last request: 0.015735 seconds.
  path: Assets/art/Player_Jump/Anim_JUMP_18.png
  artifactKey: Guid(285024b31e916744984f19cc68e345c3) Importer(815301076,1909f56bfc062723c751e8b465ee728b)
Start importing Assets/art/Player_Jump/Anim_JUMP_18.png using Guid(285024b31e916744984f19cc68e345c3) Importer(815301076,1909f56bfc062723c751e8b465ee728b)  -> (artifact id: 'a26ccadfa3b8618b23f72d78a5be7670') in 0.147693 seconds
  Import took 0.200561 seconds .

========================================================================
Received Import Request.
  Time since last request: 0.001003 seconds.
  path: Assets/art/Player_Jump/Anim_JUMP_11.png
  artifactKey: Guid(53d4b7d637a70dd4aa769b40c8d3261f) Importer(815301076,1909f56bfc062723c751e8b465ee728b)
Start importing Assets/art/Player_Jump/Anim_JUMP_11.png using Guid(53d4b7d637a70dd4aa769b40c8d3261f) Importer(815301076,1909f56bfc062723c751e8b465ee728b)  -> (artifact id: '2d664b9e84d8371baba65fb8834cc59e') in 0.151421 seconds
  Import took 0.170564 seconds .

========================================================================
Received Import Request.
  Time since last request: 0.000814 seconds.
  path: Assets/art/Player_Jump/Anim_JUMP_19.png
  artifactKey: Guid(b6b1f3ed3796bbc4290930d9ddf7c0e0) Importer(815301076,1909f56bfc062723c751e8b465ee728b)
Start importing Assets/art/Player_Jump/Anim_JUMP_19.png using Guid(b6b1f3ed3796bbc4290930d9ddf7c0e0) Importer(815301076,1909f56bfc062723c751e8b465ee728b)  -> (artifact id: 'eac4e900cac0ee4bb882e0c329f5dcf6') in 0.216034 seconds
  Import took 0.230311 seconds .

========================================================================
Received Import Request.
  Time since last request: 131.124954 seconds.
  path: Assets/ani/player.controller
  artifactKey: Guid(408abe531c937f04dafc2effbd5913f3) Importer(815301076,1909f56bfc062723c751e8b465ee728b)
Start importing Assets/ani/player.controller using Guid(408abe531c937f04dafc2effbd5913f3) Importer(815301076,1909f56bfc062723c751e8b465ee728b)  -> (artifact id: 'bfceb548a0860a09bfa897f441a07323') in 0.061722 seconds
  Import took 0.074206 seconds .

========================================================================
Received Import Request.
  Time since last request: 141.055653 seconds.
  path: Assets/ani/player.jump.anim
  artifactKey: Guid(b71f98ac90162cd47b6dac7f73f15371) Importer(815301076,1909f56bfc062723c751e8b465ee728b)
Start importing Assets/ani/player.jump.anim using Guid(b71f98ac90162cd47b6dac7f73f15371) Importer(815301076,1909f56bfc062723c751e8b465ee728b)  -> (artifact id: '3c119dda1c04d033c79f3f96e9a725cc') in 0.019339 seconds
  Import took 0.081590 seconds .

========================================================================
Received Import Request.
  Time since last request: 0.250056 seconds.
  path: Assets/ani/player.jump.anim
  artifactKey: Guid(b71f98ac90162cd47b6dac7f73f15371) Importer(815301076,1909f56bfc062723c751e8b465ee728b)
Start importing Assets/ani/player.jump.anim using Guid(b71f98ac90162cd47b6dac7f73f15371) Importer(815301076,1909f56bfc062723c751e8b465ee728b)  -> (artifact id: '3c119dda1c04d033c79f3f96e9a725cc') in 0.016957 seconds
  Import took 0.040552 seconds .

========================================================================
Received Import Request.
  Time since last request: 0.174309 seconds.
  path: Assets/ani/Anim_JUMP_01.controller
  artifactKey: Guid(8c63e751063bc454a93e878c786b9140) Importer(815301076,1909f56bfc062723c751e8b465ee728b)
Start importing Assets/ani/Anim_JUMP_01.controller using Guid(8c63e751063bc454a93e878c786b9140) Importer(815301076,1909f56bfc062723c751e8b465ee728b)  -> (artifact id: 'ec1f0cc5ab78a035a4994bb12ac25d5a') in 0.010992 seconds
  Import took 0.024656 seconds .

========================================================================
Received Import Request.
  Time since last request: 378.982868 seconds.
  path: ProjectSettings/TagManager.asset
  artifactKey: Guid(00000000000000003000000000000000) Importer(815301076,1909f56bfc062723c751e8b465ee728b)
Start importing ProjectSettings/TagManager.asset using Guid(00000000000000003000000000000000) Importer(815301076,1909f56bfc062723c751e8b465ee728b)  -> (artifact id: 'e8c3ab6b558fa7fe7c42e9a55a892947') in 0.010596 seconds
  Import took 0.020425 seconds .

========================================================================
Received Import Request.
  Time since last request: 0.018224 seconds.
  path: ProjectSettings/TagManager.asset
  artifactKey: Guid(00000000000000003000000000000000) Importer(815301076,1909f56bfc062723c751e8b465ee728b)
Start importing ProjectSettings/TagManager.asset using Guid(00000000000000003000000000000000) Importer(815301076,1909f56bfc062723c751e8b465ee728b)  -> (artifact id: 'e8c3ab6b558fa7fe7c42e9a55a892947') in 0.074916 seconds
  Import took 0.091645 seconds .

========================================================================
Received Import Request.
  Time since last request: 1294.460206 seconds.
  path: Assets/art/New Folder
  artifactKey: Guid(22a2aa6e59a2d8540999e3d297f57c2b) Importer(815301076,1909f56bfc062723c751e8b465ee728b)
Start importing Assets/art/New Folder using Guid(22a2aa6e59a2d8540999e3d297f57c2b) Importer(815301076,1909f56bfc062723c751e8b465ee728b)  -> (artifact id: 'ea4221ea9a301842559ae51c7a4f7edd') in 0.026102 seconds
  Import took 0.046566 seconds .

========================================================================
Received Import Request.
  Time since last request: 46.531124 seconds.
  path: Assets/art/Bullet
  artifactKey: Guid(e8ba59092e4039748ac29cf73816ea0e) Importer(815301076,1909f56bfc062723c751e8b465ee728b)
Start importing Assets/art/Bullet using Guid(e8ba59092e4039748ac29cf73816ea0e) Importer(815301076,1909f56bfc062723c751e8b465ee728b)  -> (artifact id: 'a37586d26bbeaddb4158c729e6460737') in 0.039026 seconds
  Import took 0.054221 seconds .

========================================================================
Received Import Request.
  Time since last request: 14.150963 seconds.
  path: Assets/art/Bullet/Bullet.png
  artifactKey: Guid(de3b8d5ee6e29d6418c791f2968b92d5) Importer(815301076,1909f56bfc062723c751e8b465ee728b)
Start importing Assets/art/Bullet/Bullet.png using Guid(de3b8d5ee6e29d6418c791f2968b92d5) Importer(815301076,1909f56bfc062723c751e8b465ee728b)  -> (artifact id: '59ec1f92bd1609a68df469ffd98b3f10') in 0.117915 seconds
  Import took 0.133340 seconds .

========================================================================
Received Import Request.
  Time since last request: 146.023356 seconds.
  path: Assets/Prefabs
  artifactKey: Guid(287e1d5e69ba06a4d9fafc8630e58e14) Importer(815301076,1909f56bfc062723c751e8b465ee728b)
Start importing Assets/Prefabs using Guid(287e1d5e69ba06a4d9fafc8630e58e14) Importer(815301076,1909f56bfc062723c751e8b465ee728b)  -> (artifact id: '71f6db926ce5247002f43351c387b28e') in 0.067027 seconds
  Import took 0.099715 seconds .

========================================================================
Received Import Request.
  Time since last request: 0.021193 seconds.
  path: Assets/Prefabs
  artifactKey: Guid(287e1d5e69ba06a4d9fafc8630e58e14) Importer(815301076,1909f56bfc062723c751e8b465ee728b)
Start importing Assets/Prefabs using Guid(287e1d5e69ba06a4d9fafc8630e58e14) Importer(815301076,1909f56bfc062723c751e8b465ee728b)  -> (artifact id: '71f6db926ce5247002f43351c387b28e') in 0.014908 seconds
  Import took 0.039284 seconds .

========================================================================
Received Import Request.
  Time since last request: 10.111803 seconds.
  path: Assets/Prefabs/Bullet.prefab
  artifactKey: Guid(39e46ecc7d66583478d058ae9682e209) Importer(815301076,1909f56bfc062723c751e8b465ee728b)
Start importing Assets/Prefabs/Bullet.prefab using Guid(39e46ecc7d66583478d058ae9682e209) Importer(815301076,1909f56bfc062723c751e8b465ee728b)  -> (artifact id: 'b82004bf5059cb95ba3e9c693e596428') in 1.313147 seconds
  Import took 1.578789 seconds .

========================================================================
Received Import Request.
  Time since last request: 0.786639 seconds.
  path: Assets/Prefabs/Bullet.prefab
  artifactKey: Guid(39e46ecc7d66583478d058ae9682e209) Importer(815301076,1909f56bfc062723c751e8b465ee728b)
Start importing Assets/Prefabs/Bullet.prefab using Guid(39e46ecc7d66583478d058ae9682e209) Importer(815301076,1909f56bfc062723c751e8b465ee728b)  -> (artifact id: 'b82004bf5059cb95ba3e9c693e596428') in 0.033987 seconds
  Import took 0.046491 seconds .

========================================================================
Received Import Request.
  Time since last request: 94.210434 seconds.
  path: Assets/Ludiq/Bolt.Core/IconMap/Bolt.AnimatorMessageListener.png
  artifactKey: Guid(21763ada12b1de54a9de03382ecdf3fe) Importer(815301076,1909f56bfc062723c751e8b465ee728b)
Start importing Assets/Ludiq/Bolt.Core/IconMap/Bolt.AnimatorMessageListener.png using Guid(21763ada12b1de54a9de03382ecdf3fe) Importer(815301076,1909f56bfc062723c751e8b465ee728b)  -> (artifact id: 'e9f8faac1939c192cc5985aa40149740') in 0.472470 seconds
  Import took 0.498429 seconds .

========================================================================
Received Import Request.
  Time since last request: 598.175735 seconds.
  path: Assets/Prefabs/Bullet.prefab
  artifactKey: Guid(39e46ecc7d66583478d058ae9682e209) Importer(815301076,1909f56bfc062723c751e8b465ee728b)
Start importing Assets/Prefabs/Bullet.prefab using Guid(39e46ecc7d66583478d058ae9682e209) Importer(815301076,1909f56bfc062723c751e8b465ee728b)  -> (artifact id: '7b03c5f88784f721e3c18fbb6f0596a9') in 0.292896 seconds
  Import took 0.364843 seconds .

AssetImportWorkerClient::OnTransportError - code=2 error=End of file
