Using pre-set license
Built from '2020.2/release' branch; Version is '2020.2.2f1 (068178b99f32) revision 426360'; Using compiler version '192528614'; Build Type 'Release'
OS: 'Windows 7  (6.1.0) 64bit' Language: 'ko' Physical Memory: 3970 MB
BatchMode: 1, IsHumanControllingUs: 0, StartBugReporterOnCrash: 0, Is64bit: 1, IsPro: 0

 COMMAND LINE ARGUMENTS:
C:\Program Files\Unity\Hub\Editor\2020.2.2f1\Editor\Unity.exe
-adb2
-batchMode
-noUpm
-name
AssetImportWorker9
-projectPath
C:/Users/user/Desktop/2d game/2d game
-logFile
Logs/AssetImportWorker9.log
-srvPort
57808
Successfully changed project path to: C:/Users/user/Desktop/2d game/2d game
C:/Users/user/Desktop/2d game/2d game
Using Asset Import Pipeline V2.
Refreshing native plugins compatible for Editor in 212.32 ms, found 2 plugins.
Preloading 0 native plugins for Editor in 0.00 ms.
Initialize engine version: 2020.2.2f1 (068178b99f32)
[Subsystems] Discovering subsystems at path C:/Program Files/Unity/Hub/Editor/2020.2.2f1/Editor/Data/Resources/UnitySubsystems
[Subsystems] Discovering subsystems at path C:/Users/user/Desktop/2d game/2d game/Assets
GfxDevice: creating device client; threaded=0
d3d11: CreateDXGIFactory2(...) not found, fallbacking to CreateDXGIFactory1(...).
d3d11: QueryInterface(IDXGIFactory5) failed (80004002).
Direct3D:
    Version:  Direct3D 11.0 [level 11.0]
    Renderer: NVIDIA NVS 5200M (ID=0x1140)
    Vendor:   
    VRAM:     969 MB
    Driver:   23.21.13.9135
Initialize mono
Mono path[0] = 'C:/Program Files/Unity/Hub/Editor/2020.2.2f1/Editor/Data/Managed'
Mono path[1] = 'C:/Program Files/Unity/Hub/Editor/2020.2.2f1/Editor/Data/MonoBleedingEdge/lib/mono/unityjit'
Mono config path = 'C:/Program Files/Unity/Hub/Editor/2020.2.2f1/Editor/Data/MonoBleedingEdge/etc'
Using monoOptions --debugger-agent=transport=dt_socket,embedding=1,server=y,suspend=n,address=127.0.0.1:56172
Begin MonoManager ReloadAssembly
Registering precompiled unity dll's ...
Register platform support module: C:/Program Files/Unity/Hub/Editor/2020.2.2f1/Editor/Data/PlaybackEngines/WindowsStandaloneSupport/UnityEditor.WindowsStandalone.Extensions.dll
Registered in 0.011026 seconds.
Native extension for WindowsStandalone target not found
Refreshing native plugins compatible for Editor in 209.75 ms, found 2 plugins.
Preloading 0 native plugins for Editor in 0.00 ms.
Invoked RoslynAnalysisRunner static constructor.
RoslynAnalysisRunner will not be running.
RoslynAnalysisRunner has terminated.
Mono: successfully reloaded assembly
- Completed reload, in  6.039 seconds
Platform modules already initialized, skipping
Registering precompiled user dll's ...
Registered in 0.051913 seconds.
Begin MonoManager ReloadAssembly
Native extension for WindowsStandalone target not found
Refreshing native plugins compatible for Editor in 189.66 ms, found 2 plugins.
Preloading 0 native plugins for Editor in 0.00 ms.
Invoked RoslynAnalysisRunner static constructor.
RoslynAnalysisRunner will not be running.
RoslynAnalysisRunner has terminated.
Mono: successfully reloaded assembly
- Completed reload, in  5.186 seconds
Platform modules already initialized, skipping
========================================================================
Worker process is ready to serve import requests
Launched and connected shader compiler UnityShaderCompiler.exe after 0.28 seconds
Refreshing native plugins compatible for Editor in 1.20 ms, found 2 plugins.
Preloading 0 native plugins for Editor in 0.00 ms.
Unloading 1808 Unused Serialized files (Serialized files now loaded: 0)
System memory in use before: 85.3 MB.
System memory in use after: 85.3 MB.

Unloading 40 unused Assets to reduce memory usage. Loaded Objects now: 2318.
Total: 5.922899 ms (FindLiveObjects: 0.433017 ms CreateObjectMapping: 0.234863 ms MarkObjects: 4.919894 ms  DeleteObjects: 0.331572 ms)

========================================================================
Received Import Request.
  path: Assets/art/Enemies_Walk/ChomperWalk_00007.png
  artifactKey: Guid(f63ca42fae676f744ba789e010a55d8f) Importer(815301076,1909f56bfc062723c751e8b465ee728b)
Start importing Assets/art/Enemies_Walk/ChomperWalk_00007.png using Guid(f63ca42fae676f744ba789e010a55d8f) Importer(815301076,1909f56bfc062723c751e8b465ee728b)  -> (artifact id: '975180bd97173b5374bc843f4a695924') in 3.719953 seconds
  Import took 3.870582 seconds .

========================================================================
Received Import Request.
  Time since last request: 0.000529 seconds.
  path: Assets/art/Enemies_Walk/ChomperWalk_00003.png
  artifactKey: Guid(0bfb0ef6be1d85e40919d564191f0d74) Importer(815301076,1909f56bfc062723c751e8b465ee728b)
Start importing Assets/art/Enemies_Walk/ChomperWalk_00003.png using Guid(0bfb0ef6be1d85e40919d564191f0d74) Importer(815301076,1909f56bfc062723c751e8b465ee728b)  -> (artifact id: '77a106a5c8b15bc8e4511ca638311c2f') in 0.916759 seconds
  Import took 1.362112 seconds .

========================================================================
Received Import Request.
  Time since last request: 0.000789 seconds.
  path: Assets/art/Enemies_Walk/ChomperWalk_00011.png
  artifactKey: Guid(585c21c68df60a3459d53955da683fc9) Importer(815301076,1909f56bfc062723c751e8b465ee728b)
Start importing Assets/art/Enemies_Walk/ChomperWalk_00011.png using Guid(585c21c68df60a3459d53955da683fc9) Importer(815301076,1909f56bfc062723c751e8b465ee728b)  -> (artifact id: 'a6ef654d2cceb9d7c981cbd6d636b380') in 0.668567 seconds
  Import took 0.809735 seconds .

========================================================================
Received Import Request.
  Time since last request: 0.000705 seconds.
  path: Assets/art/Enemies_Walk/ChomperWalk_00001.png
  artifactKey: Guid(68e8f001eaf8f984a85da77106e33dcb) Importer(815301076,1909f56bfc062723c751e8b465ee728b)
Start importing Assets/art/Enemies_Walk/ChomperWalk_00001.png using Guid(68e8f001eaf8f984a85da77106e33dcb) Importer(815301076,1909f56bfc062723c751e8b465ee728b)  -> (artifact id: '3c70fe3111113e2d68407cffa6dfc11f') in 1.037891 seconds
  Import took 1.131951 seconds .

========================================================================
Received Import Request.
  Time since last request: 0.000744 seconds.
  path: Assets/art/Enemies_Walk/ChomperWalk_00005.png
  artifactKey: Guid(5aac1211f9d453f49a7ef4c637e49269) Importer(815301076,1909f56bfc062723c751e8b465ee728b)
Start importing Assets/art/Enemies_Walk/ChomperWalk_00005.png using Guid(5aac1211f9d453f49a7ef4c637e49269) Importer(815301076,1909f56bfc062723c751e8b465ee728b)  -> (artifact id: 'b92aaaa346b76d4ff21b6c7fb93ae7da') in 1.041144 seconds
  Import took 1.135172 seconds .

========================================================================
Received Import Request.
  Time since last request: 0.000977 seconds.
  path: Assets/art/Enemies_Walk/ChomperWalk_00009.png
  artifactKey: Guid(37fbb70ec4997194b918ba5974fd47aa) Importer(815301076,1909f56bfc062723c751e8b465ee728b)
Start importing Assets/art/Enemies_Walk/ChomperWalk_00009.png using Guid(37fbb70ec4997194b918ba5974fd47aa) Importer(815301076,1909f56bfc062723c751e8b465ee728b)  -> (artifact id: '7df8cbe44409a4c855bb22e3f5bc9b07') in 0.434031 seconds
  Import took 0.446871 seconds .

========================================================================
Received Import Request.
  Time since last request: 0.001102 seconds.
  path: Assets/art/Enemies_Walk/ChomperWalk_00019.png
  artifactKey: Guid(9072e821b73b8d046b47984c84fdbd90) Importer(815301076,1909f56bfc062723c751e8b465ee728b)
Start importing Assets/art/Enemies_Walk/ChomperWalk_00019.png using Guid(9072e821b73b8d046b47984c84fdbd90) Importer(815301076,1909f56bfc062723c751e8b465ee728b)  -> (artifact id: '674afdce24c4b65909d5effc2aba6a9f') in 0.567479 seconds
  Import took 0.649642 seconds .

========================================================================
Received Import Request.
  Time since last request: 0.001018 seconds.
  path: Assets/art/Enemies_Walk/ChomperWalk_00015.png
  artifactKey: Guid(67acfa11726eb5b4ea7c8fa80306d05c) Importer(815301076,1909f56bfc062723c751e8b465ee728b)
Start importing Assets/art/Enemies_Walk/ChomperWalk_00015.png using Guid(67acfa11726eb5b4ea7c8fa80306d05c) Importer(815301076,1909f56bfc062723c751e8b465ee728b)  -> (artifact id: '775ad4698c6203bc30b2aac012dd21b3') in 0.384394 seconds
  Import took 0.504368 seconds .

========================================================================
Received Import Request.
  Time since last request: 0.000668 seconds.
  path: Assets/art/Enemies_Walk/ChomperWalk_00017.png
  artifactKey: Guid(2de13ee872e94494a8684bfdd0350c06) Importer(815301076,1909f56bfc062723c751e8b465ee728b)
Start importing Assets/art/Enemies_Walk/ChomperWalk_00017.png using Guid(2de13ee872e94494a8684bfdd0350c06) Importer(815301076,1909f56bfc062723c751e8b465ee728b)  -> (artifact id: 'b9407e91c637f18d24225f5f2fcabaab') in 0.515851 seconds
  Import took 0.528866 seconds .

========================================================================
Received Import Request.
  Time since last request: 0.000771 seconds.
  path: Assets/art/Enemies_Walk/ChomperWalk_00013.png
  artifactKey: Guid(babd37eea1e25f2418c72ff74105dc09) Importer(815301076,1909f56bfc062723c751e8b465ee728b)
Start importing Assets/art/Enemies_Walk/ChomperWalk_00013.png using Guid(babd37eea1e25f2418c72ff74105dc09) Importer(815301076,1909f56bfc062723c751e8b465ee728b)  -> (artifact id: '3d27dbf6c1294f56109fdc4e3937666f') in 0.285188 seconds
  Import took 0.297214 seconds .

========================================================================
Received Import Request.
  Time since last request: 321.096903 seconds.
  path: ProjectSettings/TagManager.asset
  artifactKey: Guid(00000000000000003000000000000000) Importer(815301076,1909f56bfc062723c751e8b465ee728b)
Start importing ProjectSettings/TagManager.asset using Guid(00000000000000003000000000000000) Importer(815301076,1909f56bfc062723c751e8b465ee728b)  -> (artifact id: '32140339240c4393d5ca0edf7c15e40b') in 0.038764 seconds
  Import took 0.300554 seconds .

========================================================================
Received Import Request.
  Time since last request: 844.425607 seconds.
  path: Assets/art/Enemies_Death/ChomperDEATH_Paint_01.png
  artifactKey: Guid(200bc542cc224e8418e1bd9e451050fe) Importer(815301076,1909f56bfc062723c751e8b465ee728b)
Start importing Assets/art/Enemies_Death/ChomperDEATH_Paint_01.png using Guid(200bc542cc224e8418e1bd9e451050fe) Importer(815301076,1909f56bfc062723c751e8b465ee728b)  -> (artifact id: '9f145a5e409066e0bf8daca5de22b2fb') in 0.659145 seconds
  Import took 0.696119 seconds .

========================================================================
Received Import Request.
  Time since last request: 0.000705 seconds.
  path: Assets/art/Enemies_Death/ChomperDEATH_Paint_13.png
  artifactKey: Guid(38cdad4cbf7a680439a5b3c76e2021e3) Importer(815301076,1909f56bfc062723c751e8b465ee728b)
Start importing Assets/art/Enemies_Death/ChomperDEATH_Paint_13.png using Guid(38cdad4cbf7a680439a5b3c76e2021e3) Importer(815301076,1909f56bfc062723c751e8b465ee728b)  -> (artifact id: '431d7543adebfe05f31b3a3d4a7fd78e') in 0.173755 seconds
  Import took 0.198902 seconds .

========================================================================
Received Import Request.
  Time since last request: 0.001258 seconds.
  path: Assets/art/Enemies_Death/ChomperDEATH_Paint_03.png
  artifactKey: Guid(d2b4a5548b83248449d4f64ce380c407) Importer(815301076,1909f56bfc062723c751e8b465ee728b)
Start importing Assets/art/Enemies_Death/ChomperDEATH_Paint_03.png using Guid(d2b4a5548b83248449d4f64ce380c407) Importer(815301076,1909f56bfc062723c751e8b465ee728b)  -> (artifact id: 'ffe7b5e5a44efbce328c7c8ae1d73736') in 0.136522 seconds
  Import took 0.186980 seconds .

========================================================================
Received Import Request.
  Time since last request: 0.000926 seconds.
  path: Assets/art/Enemies_Death/ChomperDEATH_Paint_09.png
  artifactKey: Guid(5389e32612e6ed24fa4051df0516c36a) Importer(815301076,1909f56bfc062723c751e8b465ee728b)
Start importing Assets/art/Enemies_Death/ChomperDEATH_Paint_09.png using Guid(5389e32612e6ed24fa4051df0516c36a) Importer(815301076,1909f56bfc062723c751e8b465ee728b)  -> (artifact id: 'c6fd22ef5a602411343cab54584e24fd') in 0.184826 seconds
  Import took 0.200984 seconds .

========================================================================
Received Import Request.
  Time since last request: 0.000900 seconds.
  path: Assets/art/Enemies_Death/ChomperDEATH_Paint_11.png
  artifactKey: Guid(ac0f3fb10a40e3d49be9d2de118312e5) Importer(815301076,1909f56bfc062723c751e8b465ee728b)
Start importing Assets/art/Enemies_Death/ChomperDEATH_Paint_11.png using Guid(ac0f3fb10a40e3d49be9d2de118312e5) Importer(815301076,1909f56bfc062723c751e8b465ee728b)  -> (artifact id: 'fcb7fa0b1fa3782e2f90e0d2d3ab3936') in 0.115278 seconds
  Import took 0.143342 seconds .

========================================================================
Received Import Request.
  Time since last request: 0.000887 seconds.
  path: Assets/art/Enemies_Death/ChomperDEATH_Paint_05.png
  artifactKey: Guid(5e916d5f0780d8144a9c5e7daae9f587) Importer(815301076,1909f56bfc062723c751e8b465ee728b)
Start importing Assets/art/Enemies_Death/ChomperDEATH_Paint_05.png using Guid(5e916d5f0780d8144a9c5e7daae9f587) Importer(815301076,1909f56bfc062723c751e8b465ee728b)  -> (artifact id: '6e444191c79cfdbe2262ef199255e5eb') in 0.127959 seconds
  Import took 0.155397 seconds .

========================================================================
Received Import Request.
  Time since last request: 0.000650 seconds.
  path: Assets/art/Enemies_Death/ChomperDEATH_Paint_07.png
  artifactKey: Guid(2c3b7e3d0e3f5a64490ce9be056d1d5a) Importer(815301076,1909f56bfc062723c751e8b465ee728b)
Start importing Assets/art/Enemies_Death/ChomperDEATH_Paint_07.png using Guid(2c3b7e3d0e3f5a64490ce9be056d1d5a) Importer(815301076,1909f56bfc062723c751e8b465ee728b)  -> (artifact id: '1c1f56e16fb2a796a58ce0d98fc4431b') in 0.160314 seconds
  Import took 0.189454 seconds .

========================================================================
Received Import Request.
  Time since last request: 218.232079 seconds.
  path: Assets/ani/Enemy.controller
  artifactKey: Guid(01e4319c2ca679140968780ac8d26226) Importer(815301076,1909f56bfc062723c751e8b465ee728b)
Start importing Assets/ani/Enemy.controller using Guid(01e4319c2ca679140968780ac8d26226) Importer(815301076,1909f56bfc062723c751e8b465ee728b)  -> (artifact id: 'ff13608a4a23a822b8cdac579047ad02') in 0.052891 seconds
  Import took 0.074365 seconds .

========================================================================
Received Import Request.
  Time since last request: 148.021185 seconds.
  path: Assets/ani/ChomperDEATH_Paint_01.controller
  artifactKey: Guid(663c50074b6cfcf45b4b0b940872279e) Importer(815301076,1909f56bfc062723c751e8b465ee728b)
Start importing Assets/ani/ChomperDEATH_Paint_01.controller using Guid(663c50074b6cfcf45b4b0b940872279e) Importer(815301076,1909f56bfc062723c751e8b465ee728b)  -> (artifact id: 'f20fb126207be3caa0074959169c12bb') in 0.013753 seconds
  Import took 0.054591 seconds .

========================================================================
Received Import Request.
  Time since last request: 2.419362 seconds.
  path: Assets/ani/ChomperWalk_00001.controller
  artifactKey: Guid(0511042a754d444409e572000ec33704) Importer(815301076,1909f56bfc062723c751e8b465ee728b)
Start importing Assets/ani/ChomperWalk_00001.controller using Guid(0511042a754d444409e572000ec33704) Importer(815301076,1909f56bfc062723c751e8b465ee728b)  -> (artifact id: '5247fd3170ba6b4971ef605366d854eb') in 0.097351 seconds
  Import took 0.138067 seconds .

========================================================================
Received Import Request.
  Time since last request: 634.017655 seconds.
  path: Assets/Sound/RangedAttack.ogg
  artifactKey: Guid(29f84a08a6acf66428a207cf3a91746d) Importer(815301076,1909f56bfc062723c751e8b465ee728b)
Start importing Assets/Sound/RangedAttack.ogg using Guid(29f84a08a6acf66428a207cf3a91746d) Importer(815301076,1909f56bfc062723c751e8b465ee728b)  -> (artifact id: '1ac10db0e3f41c5a5f31e745355e5204') in 0.403750 seconds
  Import took 0.423455 seconds .

========================================================================
Received Import Request.
  Time since last request: 121.554771 seconds.
  path: Assets/Sound
  artifactKey: Guid(629e9e5666387624e96cee4bc0d7821b) Importer(815301076,1909f56bfc062723c751e8b465ee728b)
Start importing Assets/Sound using Guid(629e9e5666387624e96cee4bc0d7821b) Importer(815301076,1909f56bfc062723c751e8b465ee728b)  -> (artifact id: '12bb9e70ee395c04e448a6377d5a5692') in 0.047388 seconds
  Import took 0.146775 seconds .

========================================================================
Received Import Request.
  Time since last request: 13.609097 seconds.
  path: Assets/Sound/NewAudioMixer.mixer
  artifactKey: Guid(82cdc30cfc20bed4680cf23377b3953c) Importer(815301076,1909f56bfc062723c751e8b465ee728b)
Start importing Assets/Sound/NewAudioMixer.mixer using Guid(82cdc30cfc20bed4680cf23377b3953c) Importer(815301076,1909f56bfc062723c751e8b465ee728b)  -> (artifact id: '06a93cbf53e0b68061b646eeb5e60242') in 0.036260 seconds
  Import took 0.065831 seconds .

========================================================================
Received Import Request.
  Time since last request: 18.202292 seconds.
  path: Assets/Sound/NewAudioMixer.mixer
  artifactKey: Guid(82cdc30cfc20bed4680cf23377b3953c) Importer(815301076,1909f56bfc062723c751e8b465ee728b)
Start importing Assets/Sound/NewAudioMixer.mixer using Guid(82cdc30cfc20bed4680cf23377b3953c) Importer(815301076,1909f56bfc062723c751e8b465ee728b)  -> (artifact id: '429be442f7e210818902be9471d31429') in 0.014919 seconds
  Import took 0.036835 seconds .

========================================================================
Received Import Request.
  Time since last request: 0.589067 seconds.
  path: Assets/Sound/NewAudioMixer.mixer
  artifactKey: Guid(82cdc30cfc20bed4680cf23377b3953c) Importer(815301076,1909f56bfc062723c751e8b465ee728b)
Start importing Assets/Sound/NewAudioMixer.mixer using Guid(82cdc30cfc20bed4680cf23377b3953c) Importer(815301076,1909f56bfc062723c751e8b465ee728b)  -> (artifact id: '429be442f7e210818902be9471d31429') in 0.019544 seconds
  Import took 0.041998 seconds .

========================================================================
Received Import Request.
  Time since last request: 33.214697 seconds.
  path: Assets/Sound/NewAudioMixer.mixer
  artifactKey: Guid(82cdc30cfc20bed4680cf23377b3953c) Importer(815301076,1909f56bfc062723c751e8b465ee728b)
Start importing Assets/Sound/NewAudioMixer.mixer using Guid(82cdc30cfc20bed4680cf23377b3953c) Importer(815301076,1909f56bfc062723c751e8b465ee728b)  -> (artifact id: '15a17014920bbd6ba1ffc5ed6311873f') in 0.012012 seconds
  Import took 0.040427 seconds .

========================================================================
Received Import Request.
  Time since last request: 2.395689 seconds.
  path: Assets/Sound/NewAudioMixer.mixer
  artifactKey: Guid(82cdc30cfc20bed4680cf23377b3953c) Importer(815301076,1909f56bfc062723c751e8b465ee728b)
Start importing Assets/Sound/NewAudioMixer.mixer using Guid(82cdc30cfc20bed4680cf23377b3953c) Importer(815301076,1909f56bfc062723c751e8b465ee728b)  -> (artifact id: '013af6ce574bcf53f279347b1fce9e70') in 0.019484 seconds
  Import took 0.052476 seconds .

========================================================================
Received Import Request.
  Time since last request: 0.059096 seconds.
  path: Assets/Sound/NewAudioMixer.mixer
  artifactKey: Guid(82cdc30cfc20bed4680cf23377b3953c) Importer(815301076,1909f56bfc062723c751e8b465ee728b)
Start importing Assets/Sound/NewAudioMixer.mixer using Guid(82cdc30cfc20bed4680cf23377b3953c) Importer(815301076,1909f56bfc062723c751e8b465ee728b)  -> (artifact id: '013af6ce574bcf53f279347b1fce9e70') in 0.011725 seconds
  Import took 0.024168 seconds .

========================================================================
Received Import Request.
  Time since last request: 21.426507 seconds.
  path: Assets/Sound/NewAudioMixer.mixer
  artifactKey: Guid(82cdc30cfc20bed4680cf23377b3953c) Importer(815301076,1909f56bfc062723c751e8b465ee728b)
Start importing Assets/Sound/NewAudioMixer.mixer using Guid(82cdc30cfc20bed4680cf23377b3953c) Importer(815301076,1909f56bfc062723c751e8b465ee728b)  -> (artifact id: '08ea44a0a4104f8f678a04138c1da190') in 0.052878 seconds
  Import took 0.063519 seconds .

========================================================================
Received Import Request.
  Time since last request: 287.781125 seconds.
  path: Assets/Sound/NewAudioMixer.mixer
  artifactKey: Guid(82cdc30cfc20bed4680cf23377b3953c) Importer(815301076,1909f56bfc062723c751e8b465ee728b)
Start importing Assets/Sound/NewAudioMixer.mixer using Guid(82cdc30cfc20bed4680cf23377b3953c) Importer(815301076,1909f56bfc062723c751e8b465ee728b)  -> (artifact id: 'ff989800c7f1bb0529fd1010bbaf2147') in 0.013636 seconds
  Import took 0.050895 seconds .

AssetImportWorkerClient::OnTransportError - code=2 error=End of file
